<?xml version="1.0" encoding="UTF-8"?>
<!-- Generated by org.testng.reporters.JUnitReportReporter -->
<testsuite hostname="ourlaptop" failures="0" tests="1" name="com.ecommerceAutomation.testCases.TC_VerifyTestCasePage_007" time="1.901" errors="0" timestamp="2024-07-14T19:22:37 IST" skipped="0">
  <testcase classname="com.ecommerceAutomation.testCases.TC_VerifyTestCasePage_007" name="verifyTestCasePage" time="1.901"/>
</testsuite> <!-- com.ecommerceAutomation.testCases.TC_VerifyTestCasePage_007 -->
