<?xml version="1.0" encoding="UTF-8"?>
<!-- Generated by org.testng.reporters.JUnitReportReporter -->
<testsuite hostname="ourlaptop" failures="0" tests="1" name="com.ecommerceAutomation.testCases.TC_InvalidLogin_003" time="5.024" errors="0" timestamp="2024-07-18T19:25:11 IST" skipped="0">
  <testcase classname="com.ecommerceAutomation.testCases.TC_InvalidLogin_003" name="InvalidLogin" time="5.024"/>
</testsuite> <!-- com.ecommerceAutomation.testCases.TC_InvalidLogin_003 -->
