<?xml version="1.0" encoding="UTF-8"?>
<!-- Generated by org.testng.reporters.JUnitReportReporter -->
<testsuite hostname="ourlaptop" failures="0" tests="1" name="com.ecommerceAutomation.testCases.TC_LogOut_004" time="6.541" errors="0" timestamp="2024-07-14T19:22:37 IST" skipped="0">
  <testcase classname="com.ecommerceAutomation.testCases.TC_LogOut_004" name="LogOutUser" time="6.541"/>
</testsuite> <!-- com.ecommerceAutomation.testCases.TC_LogOut_004 -->
