<?xml version="1.0" encoding="UTF-8"?>
<!-- Generated by org.testng.reporters.JUnitReportReporter -->
<testsuite hostname="ourlaptop" failures="0" tests="1" name="com.ecommerceAutomation.testCases.TC_ContactUsForm_006" time="6.867" errors="0" timestamp="2024-07-18T14:59:26 IST" skipped="0">
  <testcase classname="com.ecommerceAutomation.testCases.TC_ContactUsForm_006" name="ContactUsForm" time="6.867"/>
</testsuite> <!-- com.ecommerceAutomation.testCases.TC_ContactUsForm_006 -->
